<?xml version="1.0" encoding="UTF-8"?>
<!-- Generated by org.testng.reporters.JUnitReportReporter -->
<testsuite skipped="0" hostname="DESKTOP-JDE16LQ" name="org.hex.Sep" tests="1" failures="0" timestamp="22 Sep 2019 10:00:58 GMT" time="19.902" errors="0">
  <testcase name="test1" time="19.902" classname="org.hex.Sep"/>
</testsuite> <!-- org.hex.Sep -->
